2025-09-09 02:08:26,633 - INFO - Disk Cleanup Utility Initialized
2025-09-09 02:08:26,634 - INFO - Log file: C:\Users\rhain\disk_cleanup_logs\disk_cleanup_20250909_020826.log
2025-09-09 02:08:26,829 - INFO - ============================================================
2025-09-09 02:08:26,829 - INFO - DISK CLEANUP UTILITY - STARTED
2025-09-09 02:08:26,830 - INFO - ============================================================
2025-09-09 02:08:26,833 - INFO - platform: Windows
2025-09-09 02:08:26,834 - INFO - platform_release: 11
2025-09-09 02:08:26,834 - INFO - platform_version: 10.0.26100
2025-09-09 02:08:26,841 - INFO - architecture: AMD64
2025-09-09 02:08:26,842 - INFO - username: rhain
2025-09-09 02:08:26,843 - INFO - python_version: 3.13.3 (tags/v3.13.3:6280bb5, Apr  8 2025, 14:47:33) [MSC v.1943 64 bit (AMD64)]
2025-09-09 02:08:26,844 - INFO - script_directory: C:\Users\rhain\IT-Support-Automation-Scripts\scripts
2025-09-09 02:08:26,844 - INFO - current_working_directory: C:\Users\rhain\IT-Support-Automation-Scripts\scripts
2025-09-09 02:08:26,845 - INFO - Dry run mode: No
2025-09-09 02:08:26,845 - INFO - ============================================================
2025-09-09 02:08:26,854 - INFO - Found 3 safe cleanup targets
2025-09-09 02:08:26,878 - INFO - Processing: C:\Users\rhain\AppData\Local\Temp (Size: 211.38 MB)
2025-09-09 02:08:26,885 - WARNING - Permission denied: C:\Users\rhain\AppData\Local\Temp\07323355-757e-4195-948f-00a04ce12c32.tmp - [WinError 32] The process cannot access the file because it is being used by another process: 'C:\\Users\\rhain\\AppData\\Local\\Temp\\07323355-757e-4195-948f-00a04ce12c32.tmp'
2025-09-09 02:08:26,899 - WARNING - Permission denied: C:\Users\rhain\AppData\Local\Temp\08f1d4ed-138e-4b7e-a155-9e74e2215b0c_224698518 RAQ Nkosi.7z.b0c - [WinError 5] Access is denied: 'C:\\Users\\rhain\\AppData\\Local\\Temp\\08f1d4ed-138e-4b7e-a155-9e74e2215b0c_224698518 RAQ Nkosi.7z.b0c\\224698518 RAQ Nkosi\\Project File\\ProjectManagementEJBModule\\src\\java\\tut\\ac\\za\\enities\\Company.java'
2025-09-09 02:08:26,902 - WARNING - Permission denied: C:\Users\rhain\AppData\Local\Temp\0b32c911-ccf0-463f-85e3-345a299a7fdd.tmp - [WinError 32] The process cannot access the file because it is being used by another process: 'C:\\Users\\rhain\\AppData\\Local\\Temp\\0b32c911-ccf0-463f-85e3-345a299a7fdd.tmp'
2025-09-09 02:08:26,909 - WARNING - Permission denied: C:\Users\rhain\AppData\Local\Temp\10168618-cbb6-4857-8663-2dc119ea2e0e.tmp - [WinError 32] The process cannot access the file because it is being used by another process: 'C:\\Users\\rhain\\AppData\\Local\\Temp\\10168618-cbb6-4857-8663-2dc119ea2e0e.tmp'
2025-09-09 02:08:26,911 - WARNING - Permission denied: C:\Users\rhain\AppData\Local\Temp\11581de8-eddf-49c1-a632-dfa7936bb60d.tmp - [WinError 32] The process cannot access the file because it is being used by another process: 'C:\\Users\\rhain\\AppData\\Local\\Temp\\11581de8-eddf-49c1-a632-dfa7936bb60d.tmp'
2025-09-09 02:08:26,914 - WARNING - Permission denied: C:\Users\rhain\AppData\Local\Temp\2293c7c7-fe09-48f3-868b-9449bf56d06f.tmp - [WinError 32] The process cannot access the file because it is being used by another process: 'C:\\Users\\rhain\\AppData\\Local\\Temp\\2293c7c7-fe09-48f3-868b-9449bf56d06f.tmp'
2025-09-09 02:08:26,934 - WARNING - Permission denied: C:\Users\rhain\AppData\Local\Temp\229fcf39-a931-4430-9daf-70b9347d1e62_224698518 RAQ Nkosi.7z.e62 - [WinError 5] Access is denied: 'C:\\Users\\rhain\\AppData\\Local\\Temp\\229fcf39-a931-4430-9daf-70b9347d1e62_224698518 RAQ Nkosi.7z.e62\\224698518 RAQ Nkosi\\Project File\\ProjectManagementWebApp\\src\\java\\tut\\ac\\za\\web\\AddProjectServlet.java'
2025-09-09 02:08:26,940 - WARNING - Permission denied: C:\Users\rhain\AppData\Local\Temp\2323c9b0-1036-4085-b085-74cfffb4753d.tmp - [WinError 32] The process cannot access the file because it is being used by another process: 'C:\\Users\\rhain\\AppData\\Local\\Temp\\2323c9b0-1036-4085-b085-74cfffb4753d.tmp'
2025-09-09 02:08:26,944 - WARNING - Permission denied: C:\Users\rhain\AppData\Local\Temp\33a1e318-bd22-4a7f-b618-96a52b9f4289.tmp - [WinError 32] The process cannot access the file because it is being used by another process: 'C:\\Users\\rhain\\AppData\\Local\\Temp\\33a1e318-bd22-4a7f-b618-96a52b9f4289.tmp'
2025-09-09 02:08:26,950 - WARNING - Permission denied: C:\Users\rhain\AppData\Local\Temp\38ad01b6-e3f2-448a-8a8f-1ff382057306.tmp - [WinError 32] The process cannot access the file because it is being used by another process: 'C:\\Users\\rhain\\AppData\\Local\\Temp\\38ad01b6-e3f2-448a-8a8f-1ff382057306.tmp'
2025-09-09 02:08:26,951 - WARNING - Permission denied: C:\Users\rhain\AppData\Local\Temp\3aba10e2-250e-4f3e-bf91-b2c154b42b96.tmp - [WinError 32] The process cannot access the file because it is being used by another process: 'C:\\Users\\rhain\\AppData\\Local\\Temp\\3aba10e2-250e-4f3e-bf91-b2c154b42b96.tmp'
2025-09-09 02:08:26,957 - WARNING - Permission denied: C:\Users\rhain\AppData\Local\Temp\406798fb-5878-46c6-ae43-23b703aa9512.tmp - [WinError 32] The process cannot access the file because it is being used by another process: 'C:\\Users\\rhain\\AppData\\Local\\Temp\\406798fb-5878-46c6-ae43-23b703aa9512.tmp'
2025-09-09 02:08:26,959 - WARNING - Permission denied: C:\Users\rhain\AppData\Local\Temp\406f0f86-31cd-4b4c-b06e-0c198455a9d4_IT-Support-Automation-Scripts.zip.9d4 - [WinError 5] Access is denied: 'C:\\Users\\rhain\\AppData\\Local\\Temp\\406f0f86-31cd-4b4c-b06e-0c198455a9d4_IT-Support-Automation-Scripts.zip.9d4\\it-support-automation-scripts\\README.md'
2025-09-09 02:08:26,966 - WARNING - Permission denied: C:\Users\rhain\AppData\Local\Temp\4f9e8c56-05f9-4ed9-9419-497e64ba1a4e.tmp - [WinError 32] The process cannot access the file because it is being used by another process: 'C:\\Users\\rhain\\AppData\\Local\\Temp\\4f9e8c56-05f9-4ed9-9419-497e64ba1a4e.tmp'
2025-09-09 02:08:26,968 - WARNING - Permission denied: C:\Users\rhain\AppData\Local\Temp\50a0f88d-992d-4e88-bb8a-ae3dd607ba6c_IT-Support-Automation-Scripts.zip.a6c - [WinError 5] Access is denied: 'C:\\Users\\rhain\\AppData\\Local\\Temp\\50a0f88d-992d-4e88-bb8a-ae3dd607ba6c_IT-Support-Automation-Scripts.zip.a6c\\it-support-automation-scripts\\sample_data\\new_users.csv'
2025-09-09 02:08:26,979 - WARNING - Permission denied: C:\Users\rhain\AppData\Local\Temp\5466fb46-cb5d-4442-a5b7-6a698902c873_IT-Support-Automation-Scripts.zip.873 - [WinError 5] Access is denied: 'C:\\Users\\rhain\\AppData\\Local\\Temp\\5466fb46-cb5d-4442-a5b7-6a698902c873_IT-Support-Automation-Scripts.zip.873\\it-support-automation-scripts\\README.md'
2025-09-09 02:08:26,989 - WARNING - Permission denied: C:\Users\rhain\AppData\Local\Temp\5976cae4-7ccd-4c26-9133-7e0a5d9ee702.tmp - [WinError 32] The process cannot access the file because it is being used by another process: 'C:\\Users\\rhain\\AppData\\Local\\Temp\\5976cae4-7ccd-4c26-9133-7e0a5d9ee702.tmp'
2025-09-09 02:08:26,995 - WARNING - Permission denied: C:\Users\rhain\AppData\Local\Temp\6039d2a8-2fbe-4b9d-961d-3d0fbf232126.tmp - [WinError 32] The process cannot access the file because it is being used by another process: 'C:\\Users\\rhain\\AppData\\Local\\Temp\\6039d2a8-2fbe-4b9d-961d-3d0fbf232126.tmp'
2025-09-09 02:08:27,000 - WARNING - Permission denied: C:\Users\rhain\AppData\Local\Temp\6328290c-904b-4e56-a24e-d5a48b7a71e6.tmp - [WinError 32] The process cannot access the file because it is being used by another process: 'C:\\Users\\rhain\\AppData\\Local\\Temp\\6328290c-904b-4e56-a24e-d5a48b7a71e6.tmp'
2025-09-09 02:08:27,005 - WARNING - Permission denied: C:\Users\rhain\AppData\Local\Temp\6855b0e4-02fd-454c-802b-a88e5376110a.tmp - [WinError 32] The process cannot access the file because it is being used by another process: 'C:\\Users\\rhain\\AppData\\Local\\Temp\\6855b0e4-02fd-454c-802b-a88e5376110a.tmp'
2025-09-09 02:08:27,011 - WARNING - Permission denied: C:\Users\rhain\AppData\Local\Temp\6bbc8b65-4d07-4769-9427-aa017a4d5412.tmp - [WinError 32] The process cannot access the file because it is being used by another process: 'C:\\Users\\rhain\\AppData\\Local\\Temp\\6bbc8b65-4d07-4769-9427-aa017a4d5412.tmp'
2025-09-09 02:08:27,024 - WARNING - Permission denied: C:\Users\rhain\AppData\Local\Temp\6ccb1c91-1030-4a20-935d-39839a61ab5c.tmp - [WinError 32] The process cannot access the file because it is being used by another process: 'C:\\Users\\rhain\\AppData\\Local\\Temp\\6ccb1c91-1030-4a20-935d-39839a61ab5c.tmp'
2025-09-09 02:08:27,027 - WARNING - Permission denied: C:\Users\rhain\AppData\Local\Temp\7d2f983e-733d-48ff-87ef-34b332ddb8d2.tmp - [WinError 32] The process cannot access the file because it is being used by another process: 'C:\\Users\\rhain\\AppData\\Local\\Temp\\7d2f983e-733d-48ff-87ef-34b332ddb8d2.tmp'
2025-09-09 02:08:27,031 - WARNING - Permission denied: C:\Users\rhain\AppData\Local\Temp\82c3be17-e404-44b0-a9fb-e0dac4e11677.tmp - [WinError 32] The process cannot access the file because it is being used by another process: 'C:\\Users\\rhain\\AppData\\Local\\Temp\\82c3be17-e404-44b0-a9fb-e0dac4e11677.tmp'
2025-09-09 02:08:27,037 - WARNING - Permission denied: C:\Users\rhain\AppData\Local\Temp\87fbe164-2b43-4f54-8f8e-a80265f512a5_IT-Support-Automation-Scripts.zip.2a5 - [WinError 5] Access is denied: 'C:\\Users\\rhain\\AppData\\Local\\Temp\\87fbe164-2b43-4f54-8f8e-a80265f512a5_IT-Support-Automation-Scripts.zip.2a5\\it-support-automation-scripts\\sample_data\\sample_outputs\\disk_cleanup.log'
2025-09-09 02:08:27,043 - WARNING - Permission denied: C:\Users\rhain\AppData\Local\Temp\886a3336-3f2b-4848-b41b-650c566ee222_IT-Support-Automation-Scripts.zip.222 - [WinError 5] Access is denied: 'C:\\Users\\rhain\\AppData\\Local\\Temp\\886a3336-3f2b-4848-b41b-650c566ee222_IT-Support-Automation-Scripts.zip.222\\it-support-automation-scripts\\scripts\\DiskCleaner.py'
2025-09-09 02:08:27,046 - WARNING - Permission denied: C:\Users\rhain\AppData\Local\Temp\8ca412a0-ed34-48c5-a35e-7763564326c8.tmp - [WinError 32] The process cannot access the file because it is being used by another process: 'C:\\Users\\rhain\\AppData\\Local\\Temp\\8ca412a0-ed34-48c5-a35e-7763564326c8.tmp'
2025-09-09 02:08:27,051 - WARNING - Permission denied: C:\Users\rhain\AppData\Local\Temp\9b383c51-0ecc-4760-bafe-b74ba207bfcc.tmp - [WinError 32] The process cannot access the file because it is being used by another process: 'C:\\Users\\rhain\\AppData\\Local\\Temp\\9b383c51-0ecc-4760-bafe-b74ba207bfcc.tmp'
2025-09-09 02:08:27,058 - WARNING - Permission denied: C:\Users\rhain\AppData\Local\Temp\9ea1c8b4-a3ba-4ce4-8fa2-230b1a72a637.tmp - [WinError 32] The process cannot access the file because it is being used by another process: 'C:\\Users\\rhain\\AppData\\Local\\Temp\\9ea1c8b4-a3ba-4ce4-8fa2-230b1a72a637.tmp'
2025-09-09 02:08:27,060 - WARNING - Permission denied: C:\Users\rhain\AppData\Local\Temp\a1e34eb2-559a-4fa0-87d1-0d7607c566b7.tmp - [WinError 32] The process cannot access the file because it is being used by another process: 'C:\\Users\\rhain\\AppData\\Local\\Temp\\a1e34eb2-559a-4fa0-87d1-0d7607c566b7.tmp'
2025-09-09 02:08:27,066 - WARNING - Permission denied: C:\Users\rhain\AppData\Local\Temp\a1f2310c-3e6d-4882-b5a2-acda2e5fbbfd.tmp - [WinError 32] The process cannot access the file because it is being used by another process: 'C:\\Users\\rhain\\AppData\\Local\\Temp\\a1f2310c-3e6d-4882-b5a2-acda2e5fbbfd.tmp'
2025-09-09 02:08:27,068 - WARNING - Permission denied: C:\Users\rhain\AppData\Local\Temp\acd46582-b953-4e43-a847-b4d436817383.tmp - [WinError 32] The process cannot access the file because it is being used by another process: 'C:\\Users\\rhain\\AppData\\Local\\Temp\\acd46582-b953-4e43-a847-b4d436817383.tmp'
2025-09-09 02:08:27,075 - WARNING - Permission denied: C:\Users\rhain\AppData\Local\Temp\b771f76e-fb7b-4928-993d-fbc93c5dbb16.tmp - [WinError 32] The process cannot access the file because it is being used by another process: 'C:\\Users\\rhain\\AppData\\Local\\Temp\\b771f76e-fb7b-4928-993d-fbc93c5dbb16.tmp'
2025-09-09 02:08:27,080 - WARNING - Permission denied: C:\Users\rhain\AppData\Local\Temp\b9aa8f34-d96d-4346-aa6d-9d9ea273d882_DBP316D.zip.882 - [WinError 5] Access is denied: 'C:\\Users\\rhain\\AppData\\Local\\Temp\\b9aa8f34-d96d-4346-aa6d-9d9ea273d882_DBP316D.zip.882\\DBP316D\\Previous Question Papers\\DBP316D_FA2 (1).pdf'
2025-09-09 02:08:27,083 - WARNING - Permission denied: C:\Users\rhain\AppData\Local\Temp\bae887e9-dab4-447e-86b6-a9779dad94b1.tmp - [WinError 32] The process cannot access the file because it is being used by another process: 'C:\\Users\\rhain\\AppData\\Local\\Temp\\bae887e9-dab4-447e-86b6-a9779dad94b1.tmp'
2025-09-09 02:08:27,085 - WARNING - Permission denied: C:\Users\rhain\AppData\Local\Temp\bccb4c25-d70f-4757-8113-7955ff2d2f6d.tmp - [WinError 32] The process cannot access the file because it is being used by another process: 'C:\\Users\\rhain\\AppData\\Local\\Temp\\bccb4c25-d70f-4757-8113-7955ff2d2f6d.tmp'
2025-09-09 02:08:27,092 - WARNING - Permission denied: C:\Users\rhain\AppData\Local\Temp\bddea59c-62a6-4695-aa9d-7ee18cea6578_IT-Support-Automation-Scripts.zip.578 - [WinError 5] Access is denied: 'C:\\Users\\rhain\\AppData\\Local\\Temp\\bddea59c-62a6-4695-aa9d-7ee18cea6578_IT-Support-Automation-Scripts.zip.578\\it-support-automation-scripts\\screenshots\\network_after_ipconfig.png'
2025-09-09 02:08:27,098 - WARNING - Permission denied: C:\Users\rhain\AppData\Local\Temp\bfa1ae3d-4d8c-4ac1-a241-78e1006ee500.tmp - [WinError 32] The process cannot access the file because it is being used by another process: 'C:\\Users\\rhain\\AppData\\Local\\Temp\\bfa1ae3d-4d8c-4ac1-a241-78e1006ee500.tmp'
2025-09-09 02:08:27,101 - INFO - Removed file: C:\Users\rhain\AppData\Local\Temp\cv_debug.log (123.00 B)
2025-09-09 02:08:27,108 - WARNING - Permission denied: C:\Users\rhain\AppData\Local\Temp\d1e94338-bcee-47d0-a990-c59cebd68121_DBP316D.zip.121 - [WinError 5] Access is denied: 'C:\\Users\\rhain\\AppData\\Local\\Temp\\d1e94338-bcee-47d0-a990-c59cebd68121_DBP316D.zip.121\\DBP316D\\Slides\\PL&SQL\\D80182GC10_les01.ppt'
2025-09-09 02:08:27,116 - WARNING - Permission denied: C:\Users\rhain\AppData\Local\Temp\d578ed7b-18eb-4ab1-a759-ab248f929d41_DBP316D.zip.d41 - [WinError 5] Access is denied: 'C:\\Users\\rhain\\AppData\\Local\\Temp\\d578ed7b-18eb-4ab1-a759-ab248f929d41_DBP316D.zip.d41\\DBP316D\\Slides\\PL&SQL\\D80182GC10_les02.ppt'
2025-09-09 02:08:27,121 - WARNING - Permission denied: C:\Users\rhain\AppData\Local\Temp\d713525a-9850-4bde-ac4d-c232e42284b8.tmp - [WinError 32] The process cannot access the file because it is being used by another process: 'C:\\Users\\rhain\\AppData\\Local\\Temp\\d713525a-9850-4bde-ac4d-c232e42284b8.tmp'
2025-09-09 02:08:27,127 - WARNING - Permission denied: C:\Users\rhain\AppData\Local\Temp\d86fbd59-8893-4fdd-b779-437c7b72f148_DBP316D.zip.148 - [WinError 5] Access is denied: 'C:\\Users\\rhain\\AppData\\Local\\Temp\\d86fbd59-8893-4fdd-b779-437c7b72f148_DBP316D.zip.148\\DBP316D\\Current Tests\\Semester Test 2 DBP316D.pdf'
2025-09-09 02:08:27,132 - WARNING - Permission denied: C:\Users\rhain\AppData\Local\Temp\dc5846fd-5023-4cc5-9a0e-e23038331cdd.tmp - [WinError 32] The process cannot access the file because it is being used by another process: 'C:\\Users\\rhain\\AppData\\Local\\Temp\\dc5846fd-5023-4cc5-9a0e-e23038331cdd.tmp'
2025-09-09 02:08:27,140 - WARNING - Permission denied: C:\Users\rhain\AppData\Local\Temp\dd96e24d-dc3d-4ab7-b68d-8b8847a75c9f.tmp - [WinError 32] The process cannot access the file because it is being used by another process: 'C:\\Users\\rhain\\AppData\\Local\\Temp\\dd96e24d-dc3d-4ab7-b68d-8b8847a75c9f.tmp'
2025-09-09 02:08:27,143 - WARNING - Permission denied: C:\Users\rhain\AppData\Local\Temp\e25ebabb-4cac-4ffb-9d5b-eafa168780c3.tmp - [WinError 32] The process cannot access the file because it is being used by another process: 'C:\\Users\\rhain\\AppData\\Local\\Temp\\e25ebabb-4cac-4ffb-9d5b-eafa168780c3.tmp'
2025-09-09 02:08:27,146 - WARNING - Permission denied: C:\Users\rhain\AppData\Local\Temp\e34bd0a4-3782-4c2b-8e3c-7e78d945edc5.tmp - [WinError 32] The process cannot access the file because it is being used by another process: 'C:\\Users\\rhain\\AppData\\Local\\Temp\\e34bd0a4-3782-4c2b-8e3c-7e78d945edc5.tmp'
2025-09-09 02:08:27,154 - WARNING - Permission denied: C:\Users\rhain\AppData\Local\Temp\e614d767-65ec-4f3e-9da7-db88d7037a24_DBP316D.zip.a24 - [WinError 5] Access is denied: 'C:\\Users\\rhain\\AppData\\Local\\Temp\\e614d767-65ec-4f3e-9da7-db88d7037a24_DBP316D.zip.a24\\DBP316D\\Current Tests\\DBP316D ST2 Test2.pdf'
2025-09-09 02:08:27,158 - WARNING - Permission denied: C:\Users\rhain\AppData\Local\Temp\eda7e8d9-fd3a-49d8-8053-e2e3938e7a75.tmp - [WinError 32] The process cannot access the file because it is being used by another process: 'C:\\Users\\rhain\\AppData\\Local\\Temp\\eda7e8d9-fd3a-49d8-8053-e2e3938e7a75.tmp'
2025-09-09 02:08:27,160 - WARNING - Permission denied: C:\Users\rhain\AppData\Local\Temp\f99cd612-edff-4847-a8a8-1d4047d6a3f7.tmp - [WinError 32] The process cannot access the file because it is being used by another process: 'C:\\Users\\rhain\\AppData\\Local\\Temp\\f99cd612-edff-4847-a8a8-1d4047d6a3f7.tmp'
2025-09-09 02:08:27,171 - WARNING - Permission denied: C:\Users\rhain\AppData\Local\Temp\is-L8U5N.tmp - [WinError 5] Access is denied: 'C:\\Users\\rhain\\AppData\\Local\\Temp\\is-L8U5N.tmp\\CodeSetup-stable-6f17636121051a53c88d3e605c491d22af2ba755.tmp'
2025-09-09 02:08:27,175 - INFO - Removed file: C:\Users\rhain\AppData\Local\Temp\mat-debug-3524.log (0 B)
2025-09-09 02:08:27,178 - INFO - Removed directory: C:\Users\rhain\AppData\Local\Temp\PSES-20840 (0 B)
2025-09-09 02:08:27,183 - WARNING - Permission denied: C:\Users\rhain\AppData\Local\Temp\Setup Log 2025-09-08 #001.txt - [WinError 32] The process cannot access the file because it is being used by another process: 'C:\\Users\\rhain\\AppData\\Local\\Temp\\Setup Log 2025-09-08 #001.txt'
2025-09-09 02:08:27,191 - WARNING - Permission denied: C:\Users\rhain\AppData\Local\Temp\vscode-stable-user-x64 - [WinError 32] The process cannot access the file because it is being used by another process: 'C:\\Users\\rhain\\AppData\\Local\\Temp\\vscode-stable-user-x64\\CodeSetup-stable-6f17636121051a53c88d3e605c491d22af2ba755.exe'
2025-09-09 02:08:27,194 - INFO - Removed file: C:\Users\rhain\AppData\Local\Temp\xml_file (10).xml (0 B)
2025-09-09 02:08:27,198 - INFO - Removed file: C:\Users\rhain\AppData\Local\Temp\xml_file (11).xml (0 B)
2025-09-09 02:08:27,201 - INFO - Removed file: C:\Users\rhain\AppData\Local\Temp\xml_file (12).xml (0 B)
2025-09-09 02:08:27,206 - INFO - Removed file: C:\Users\rhain\AppData\Local\Temp\xml_file (13).xml (0 B)
2025-09-09 02:08:27,209 - INFO - Removed file: C:\Users\rhain\AppData\Local\Temp\xml_file (14).xml (0 B)
2025-09-09 02:08:27,215 - INFO - Removed file: C:\Users\rhain\AppData\Local\Temp\xml_file (15).xml (0 B)
2025-09-09 02:08:27,218 - INFO - Removed file: C:\Users\rhain\AppData\Local\Temp\xml_file (16).xml (0 B)
2025-09-09 02:08:27,224 - INFO - Removed file: C:\Users\rhain\AppData\Local\Temp\xml_file (17).xml (0 B)
2025-09-09 02:08:27,229 - INFO - Removed file: C:\Users\rhain\AppData\Local\Temp\xml_file (18).xml (0 B)
2025-09-09 02:08:27,234 - INFO - Removed file: C:\Users\rhain\AppData\Local\Temp\xml_file (19).xml (0 B)
2025-09-09 02:08:27,240 - INFO - Removed file: C:\Users\rhain\AppData\Local\Temp\xml_file (2).xml (0 B)
2025-09-09 02:08:27,244 - INFO - Removed file: C:\Users\rhain\AppData\Local\Temp\xml_file (20).xml (0 B)
2025-09-09 02:08:27,249 - INFO - Removed file: C:\Users\rhain\AppData\Local\Temp\xml_file (21).xml (0 B)
2025-09-09 02:08:27,253 - INFO - Removed file: C:\Users\rhain\AppData\Local\Temp\xml_file (22).xml (0 B)
2025-09-09 02:08:27,258 - INFO - Removed file: C:\Users\rhain\AppData\Local\Temp\xml_file (3).xml (0 B)
2025-09-09 02:08:27,261 - INFO - Removed file: C:\Users\rhain\AppData\Local\Temp\xml_file (4).xml (0 B)
2025-09-09 02:08:27,267 - INFO - Removed file: C:\Users\rhain\AppData\Local\Temp\xml_file (5).xml (0 B)
2025-09-09 02:08:27,271 - INFO - Removed file: C:\Users\rhain\AppData\Local\Temp\xml_file (6).xml (0 B)
2025-09-09 02:08:27,275 - INFO - Removed file: C:\Users\rhain\AppData\Local\Temp\xml_file (7).xml (0 B)
2025-09-09 02:08:27,277 - INFO - Removed file: C:\Users\rhain\AppData\Local\Temp\xml_file (8).xml (0 B)
2025-09-09 02:08:27,283 - INFO - Removed file: C:\Users\rhain\AppData\Local\Temp\xml_file (9).xml (0 B)
2025-09-09 02:08:27,287 - INFO - Removed file: C:\Users\rhain\AppData\Local\Temp\xml_file.xml (0 B)
2025-09-09 02:08:27,301 - INFO - Freed from C:\Users\rhain\AppData\Local\Temp: 123.00 B
2025-09-09 02:08:27,315 - INFO - Processing: C:\Users\rhain\AppData\Local\Temp (Size: 211.38 MB)
2025-09-09 02:08:27,317 - WARNING - Permission denied: C:\Users\rhain\AppData\Local\Temp\07323355-757e-4195-948f-00a04ce12c32.tmp - [WinError 32] The process cannot access the file because it is being used by another process: 'C:\\Users\\rhain\\AppData\\Local\\Temp\\07323355-757e-4195-948f-00a04ce12c32.tmp'
2025-09-09 02:08:27,327 - WARNING - Permission denied: C:\Users\rhain\AppData\Local\Temp\08f1d4ed-138e-4b7e-a155-9e74e2215b0c_224698518 RAQ Nkosi.7z.b0c - [WinError 5] Access is denied: 'C:\\Users\\rhain\\AppData\\Local\\Temp\\08f1d4ed-138e-4b7e-a155-9e74e2215b0c_224698518 RAQ Nkosi.7z.b0c\\224698518 RAQ Nkosi\\Project File\\ProjectManagementEJBModule\\src\\java\\tut\\ac\\za\\enities\\Company.java'
2025-09-09 02:08:27,329 - WARNING - Permission denied: C:\Users\rhain\AppData\Local\Temp\0b32c911-ccf0-463f-85e3-345a299a7fdd.tmp - [WinError 32] The process cannot access the file because it is being used by another process: 'C:\\Users\\rhain\\AppData\\Local\\Temp\\0b32c911-ccf0-463f-85e3-345a299a7fdd.tmp'
2025-09-09 02:08:27,331 - WARNING - Permission denied: C:\Users\rhain\AppData\Local\Temp\10168618-cbb6-4857-8663-2dc119ea2e0e.tmp - [WinError 32] The process cannot access the file because it is being used by another process: 'C:\\Users\\rhain\\AppData\\Local\\Temp\\10168618-cbb6-4857-8663-2dc119ea2e0e.tmp'
2025-09-09 02:08:27,332 - WARNING - Permission denied: C:\Users\rhain\AppData\Local\Temp\11581de8-eddf-49c1-a632-dfa7936bb60d.tmp - [WinError 32] The process cannot access the file because it is being used by another process: 'C:\\Users\\rhain\\AppData\\Local\\Temp\\11581de8-eddf-49c1-a632-dfa7936bb60d.tmp'
2025-09-09 02:08:27,333 - WARNING - Permission denied: C:\Users\rhain\AppData\Local\Temp\2293c7c7-fe09-48f3-868b-9449bf56d06f.tmp - [WinError 32] The process cannot access the file because it is being used by another process: 'C:\\Users\\rhain\\AppData\\Local\\Temp\\2293c7c7-fe09-48f3-868b-9449bf56d06f.tmp'
2025-09-09 02:08:27,343 - WARNING - Permission denied: C:\Users\rhain\AppData\Local\Temp\229fcf39-a931-4430-9daf-70b9347d1e62_224698518 RAQ Nkosi.7z.e62 - [WinError 5] Access is denied: 'C:\\Users\\rhain\\AppData\\Local\\Temp\\229fcf39-a931-4430-9daf-70b9347d1e62_224698518 RAQ Nkosi.7z.e62\\224698518 RAQ Nkosi\\Project File\\ProjectManagementWebApp\\src\\java\\tut\\ac\\za\\web\\AddProjectServlet.java'
2025-09-09 02:08:27,348 - WARNING - Permission denied: C:\Users\rhain\AppData\Local\Temp\2323c9b0-1036-4085-b085-74cfffb4753d.tmp - [WinError 32] The process cannot access the file because it is being used by another process: 'C:\\Users\\rhain\\AppData\\Local\\Temp\\2323c9b0-1036-4085-b085-74cfffb4753d.tmp'
2025-09-09 02:08:27,349 - WARNING - Permission denied: C:\Users\rhain\AppData\Local\Temp\33a1e318-bd22-4a7f-b618-96a52b9f4289.tmp - [WinError 32] The process cannot access the file because it is being used by another process: 'C:\\Users\\rhain\\AppData\\Local\\Temp\\33a1e318-bd22-4a7f-b618-96a52b9f4289.tmp'
2025-09-09 02:08:27,351 - WARNING - Permission denied: C:\Users\rhain\AppData\Local\Temp\38ad01b6-e3f2-448a-8a8f-1ff382057306.tmp - [WinError 32] The process cannot access the file because it is being used by another process: 'C:\\Users\\rhain\\AppData\\Local\\Temp\\38ad01b6-e3f2-448a-8a8f-1ff382057306.tmp'
2025-09-09 02:08:27,355 - WARNING - Permission denied: C:\Users\rhain\AppData\Local\Temp\3aba10e2-250e-4f3e-bf91-b2c154b42b96.tmp - [WinError 32] The process cannot access the file because it is being used by another process: 'C:\\Users\\rhain\\AppData\\Local\\Temp\\3aba10e2-250e-4f3e-bf91-b2c154b42b96.tmp'
2025-09-09 02:08:27,358 - WARNING - Permission denied: C:\Users\rhain\AppData\Local\Temp\406798fb-5878-46c6-ae43-23b703aa9512.tmp - [WinError 32] The process cannot access the file because it is being used by another process: 'C:\\Users\\rhain\\AppData\\Local\\Temp\\406798fb-5878-46c6-ae43-23b703aa9512.tmp'
2025-09-09 02:08:27,363 - WARNING - Permission denied: C:\Users\rhain\AppData\Local\Temp\406f0f86-31cd-4b4c-b06e-0c198455a9d4_IT-Support-Automation-Scripts.zip.9d4 - [WinError 5] Access is denied: 'C:\\Users\\rhain\\AppData\\Local\\Temp\\406f0f86-31cd-4b4c-b06e-0c198455a9d4_IT-Support-Automation-Scripts.zip.9d4\\it-support-automation-scripts\\README.md'
2025-09-09 02:08:27,365 - WARNING - Permission denied: C:\Users\rhain\AppData\Local\Temp\4f9e8c56-05f9-4ed9-9419-497e64ba1a4e.tmp - [WinError 32] The process cannot access the file because it is being used by another process: 'C:\\Users\\rhain\\AppData\\Local\\Temp\\4f9e8c56-05f9-4ed9-9419-497e64ba1a4e.tmp'
2025-09-09 02:08:27,371 - WARNING - Permission denied: C:\Users\rhain\AppData\Local\Temp\50a0f88d-992d-4e88-bb8a-ae3dd607ba6c_IT-Support-Automation-Scripts.zip.a6c - [WinError 5] Access is denied: 'C:\\Users\\rhain\\AppData\\Local\\Temp\\50a0f88d-992d-4e88-bb8a-ae3dd607ba6c_IT-Support-Automation-Scripts.zip.a6c\\it-support-automation-scripts\\sample_data\\new_users.csv'
2025-09-09 02:08:27,375 - WARNING - Permission denied: C:\Users\rhain\AppData\Local\Temp\5466fb46-cb5d-4442-a5b7-6a698902c873_IT-Support-Automation-Scripts.zip.873 - [WinError 5] Access is denied: 'C:\\Users\\rhain\\AppData\\Local\\Temp\\5466fb46-cb5d-4442-a5b7-6a698902c873_IT-Support-Automation-Scripts.zip.873\\it-support-automation-scripts\\README.md'
2025-09-09 02:08:27,379 - WARNING - Permission denied: C:\Users\rhain\AppData\Local\Temp\5976cae4-7ccd-4c26-9133-7e0a5d9ee702.tmp - [WinError 32] The process cannot access the file because it is being used by another process: 'C:\\Users\\rhain\\AppData\\Local\\Temp\\5976cae4-7ccd-4c26-9133-7e0a5d9ee702.tmp'
2025-09-09 02:08:27,381 - WARNING - Permission denied: C:\Users\rhain\AppData\Local\Temp\6039d2a8-2fbe-4b9d-961d-3d0fbf232126.tmp - [WinError 32] The process cannot access the file because it is being used by another process: 'C:\\Users\\rhain\\AppData\\Local\\Temp\\6039d2a8-2fbe-4b9d-961d-3d0fbf232126.tmp'
2025-09-09 02:08:27,383 - WARNING - Permission denied: C:\Users\rhain\AppData\Local\Temp\6328290c-904b-4e56-a24e-d5a48b7a71e6.tmp - [WinError 32] The process cannot access the file because it is being used by another process: 'C:\\Users\\rhain\\AppData\\Local\\Temp\\6328290c-904b-4e56-a24e-d5a48b7a71e6.tmp'
2025-09-09 02:08:27,388 - WARNING - Permission denied: C:\Users\rhain\AppData\Local\Temp\6855b0e4-02fd-454c-802b-a88e5376110a.tmp - [WinError 32] The process cannot access the file because it is being used by another process: 'C:\\Users\\rhain\\AppData\\Local\\Temp\\6855b0e4-02fd-454c-802b-a88e5376110a.tmp'
2025-09-09 02:08:27,391 - WARNING - Permission denied: C:\Users\rhain\AppData\Local\Temp\6bbc8b65-4d07-4769-9427-aa017a4d5412.tmp - [WinError 32] The process cannot access the file because it is being used by another process: 'C:\\Users\\rhain\\AppData\\Local\\Temp\\6bbc8b65-4d07-4769-9427-aa017a4d5412.tmp'
2025-09-09 02:08:27,393 - WARNING - Permission denied: C:\Users\rhain\AppData\Local\Temp\6ccb1c91-1030-4a20-935d-39839a61ab5c.tmp - [WinError 32] The process cannot access the file because it is being used by another process: 'C:\\Users\\rhain\\AppData\\Local\\Temp\\6ccb1c91-1030-4a20-935d-39839a61ab5c.tmp'
2025-09-09 02:08:27,397 - WARNING - Permission denied: C:\Users\rhain\AppData\Local\Temp\7d2f983e-733d-48ff-87ef-34b332ddb8d2.tmp - [WinError 32] The process cannot access the file because it is being used by another process: 'C:\\Users\\rhain\\AppData\\Local\\Temp\\7d2f983e-733d-48ff-87ef-34b332ddb8d2.tmp'
2025-09-09 02:08:27,400 - WARNING - Permission denied: C:\Users\rhain\AppData\Local\Temp\82c3be17-e404-44b0-a9fb-e0dac4e11677.tmp - [WinError 32] The process cannot access the file because it is being used by another process: 'C:\\Users\\rhain\\AppData\\Local\\Temp\\82c3be17-e404-44b0-a9fb-e0dac4e11677.tmp'
2025-09-09 02:08:27,406 - WARNING - Permission denied: C:\Users\rhain\AppData\Local\Temp\87fbe164-2b43-4f54-8f8e-a80265f512a5_IT-Support-Automation-Scripts.zip.2a5 - [WinError 5] Access is denied: 'C:\\Users\\rhain\\AppData\\Local\\Temp\\87fbe164-2b43-4f54-8f8e-a80265f512a5_IT-Support-Automation-Scripts.zip.2a5\\it-support-automation-scripts\\sample_data\\sample_outputs\\disk_cleanup.log'
2025-09-09 02:08:27,410 - WARNING - Permission denied: C:\Users\rhain\AppData\Local\Temp\886a3336-3f2b-4848-b41b-650c566ee222_IT-Support-Automation-Scripts.zip.222 - [WinError 5] Access is denied: 'C:\\Users\\rhain\\AppData\\Local\\Temp\\886a3336-3f2b-4848-b41b-650c566ee222_IT-Support-Automation-Scripts.zip.222\\it-support-automation-scripts\\scripts\\DiskCleaner.py'
2025-09-09 02:08:27,414 - WARNING - Permission denied: C:\Users\rhain\AppData\Local\Temp\8ca412a0-ed34-48c5-a35e-7763564326c8.tmp - [WinError 32] The process cannot access the file because it is being used by another process: 'C:\\Users\\rhain\\AppData\\Local\\Temp\\8ca412a0-ed34-48c5-a35e-7763564326c8.tmp'
2025-09-09 02:08:27,420 - WARNING - Permission denied: C:\Users\rhain\AppData\Local\Temp\9b383c51-0ecc-4760-bafe-b74ba207bfcc.tmp - [WinError 32] The process cannot access the file because it is being used by another process: 'C:\\Users\\rhain\\AppData\\Local\\Temp\\9b383c51-0ecc-4760-bafe-b74ba207bfcc.tmp'
2025-09-09 02:08:27,423 - WARNING - Permission denied: C:\Users\rhain\AppData\Local\Temp\9ea1c8b4-a3ba-4ce4-8fa2-230b1a72a637.tmp - [WinError 32] The process cannot access the file because it is being used by another process: 'C:\\Users\\rhain\\AppData\\Local\\Temp\\9ea1c8b4-a3ba-4ce4-8fa2-230b1a72a637.tmp'
2025-09-09 02:08:27,425 - WARNING - Permission denied: C:\Users\rhain\AppData\Local\Temp\a1e34eb2-559a-4fa0-87d1-0d7607c566b7.tmp - [WinError 32] The process cannot access the file because it is being used by another process: 'C:\\Users\\rhain\\AppData\\Local\\Temp\\a1e34eb2-559a-4fa0-87d1-0d7607c566b7.tmp'
2025-09-09 02:08:27,431 - WARNING - Permission denied: C:\Users\rhain\AppData\Local\Temp\a1f2310c-3e6d-4882-b5a2-acda2e5fbbfd.tmp - [WinError 32] The process cannot access the file because it is being used by another process: 'C:\\Users\\rhain\\AppData\\Local\\Temp\\a1f2310c-3e6d-4882-b5a2-acda2e5fbbfd.tmp'
2025-09-09 02:08:27,433 - WARNING - Permission denied: C:\Users\rhain\AppData\Local\Temp\acd46582-b953-4e43-a847-b4d436817383.tmp - [WinError 32] The process cannot access the file because it is being used by another process: 'C:\\Users\\rhain\\AppData\\Local\\Temp\\acd46582-b953-4e43-a847-b4d436817383.tmp'
2025-09-09 02:08:27,436 - WARNING - Permission denied: C:\Users\rhain\AppData\Local\Temp\b771f76e-fb7b-4928-993d-fbc93c5dbb16.tmp - [WinError 32] The process cannot access the file because it is being used by another process: 'C:\\Users\\rhain\\AppData\\Local\\Temp\\b771f76e-fb7b-4928-993d-fbc93c5dbb16.tmp'
2025-09-09 02:08:27,441 - WARNING - Permission denied: C:\Users\rhain\AppData\Local\Temp\b9aa8f34-d96d-4346-aa6d-9d9ea273d882_DBP316D.zip.882 - [WinError 5] Access is denied: 'C:\\Users\\rhain\\AppData\\Local\\Temp\\b9aa8f34-d96d-4346-aa6d-9d9ea273d882_DBP316D.zip.882\\DBP316D\\Previous Question Papers\\DBP316D_FA2 (1).pdf'
2025-09-09 02:08:27,446 - WARNING - Permission denied: C:\Users\rhain\AppData\Local\Temp\bae887e9-dab4-447e-86b6-a9779dad94b1.tmp - [WinError 32] The process cannot access the file because it is being used by another process: 'C:\\Users\\rhain\\AppData\\Local\\Temp\\bae887e9-dab4-447e-86b6-a9779dad94b1.tmp'
2025-09-09 02:08:27,450 - WARNING - Permission denied: C:\Users\rhain\AppData\Local\Temp\bccb4c25-d70f-4757-8113-7955ff2d2f6d.tmp - [WinError 32] The process cannot access the file because it is being used by another process: 'C:\\Users\\rhain\\AppData\\Local\\Temp\\bccb4c25-d70f-4757-8113-7955ff2d2f6d.tmp'
2025-09-09 02:08:27,455 - WARNING - Permission denied: C:\Users\rhain\AppData\Local\Temp\bddea59c-62a6-4695-aa9d-7ee18cea6578_IT-Support-Automation-Scripts.zip.578 - [WinError 5] Access is denied: 'C:\\Users\\rhain\\AppData\\Local\\Temp\\bddea59c-62a6-4695-aa9d-7ee18cea6578_IT-Support-Automation-Scripts.zip.578\\it-support-automation-scripts\\screenshots\\network_after_ipconfig.png'
2025-09-09 02:08:27,458 - WARNING - Permission denied: C:\Users\rhain\AppData\Local\Temp\bfa1ae3d-4d8c-4ac1-a241-78e1006ee500.tmp - [WinError 32] The process cannot access the file because it is being used by another process: 'C:\\Users\\rhain\\AppData\\Local\\Temp\\bfa1ae3d-4d8c-4ac1-a241-78e1006ee500.tmp'
2025-09-09 02:08:27,464 - WARNING - Permission denied: C:\Users\rhain\AppData\Local\Temp\d1e94338-bcee-47d0-a990-c59cebd68121_DBP316D.zip.121 - [WinError 5] Access is denied: 'C:\\Users\\rhain\\AppData\\Local\\Temp\\d1e94338-bcee-47d0-a990-c59cebd68121_DBP316D.zip.121\\DBP316D\\Slides\\PL&SQL\\D80182GC10_les01.ppt'
2025-09-09 02:08:27,470 - WARNING - Permission denied: C:\Users\rhain\AppData\Local\Temp\d578ed7b-18eb-4ab1-a759-ab248f929d41_DBP316D.zip.d41 - [WinError 5] Access is denied: 'C:\\Users\\rhain\\AppData\\Local\\Temp\\d578ed7b-18eb-4ab1-a759-ab248f929d41_DBP316D.zip.d41\\DBP316D\\Slides\\PL&SQL\\D80182GC10_les02.ppt'
2025-09-09 02:08:27,473 - WARNING - Permission denied: C:\Users\rhain\AppData\Local\Temp\d713525a-9850-4bde-ac4d-c232e42284b8.tmp - [WinError 32] The process cannot access the file because it is being used by another process: 'C:\\Users\\rhain\\AppData\\Local\\Temp\\d713525a-9850-4bde-ac4d-c232e42284b8.tmp'
2025-09-09 02:08:27,481 - WARNING - Permission denied: C:\Users\rhain\AppData\Local\Temp\d86fbd59-8893-4fdd-b779-437c7b72f148_DBP316D.zip.148 - [WinError 5] Access is denied: 'C:\\Users\\rhain\\AppData\\Local\\Temp\\d86fbd59-8893-4fdd-b779-437c7b72f148_DBP316D.zip.148\\DBP316D\\Current Tests\\Semester Test 2 DBP316D.pdf'
2025-09-09 02:08:27,483 - WARNING - Permission denied: C:\Users\rhain\AppData\Local\Temp\dc5846fd-5023-4cc5-9a0e-e23038331cdd.tmp - [WinError 32] The process cannot access the file because it is being used by another process: 'C:\\Users\\rhain\\AppData\\Local\\Temp\\dc5846fd-5023-4cc5-9a0e-e23038331cdd.tmp'
2025-09-09 02:08:27,484 - WARNING - Permission denied: C:\Users\rhain\AppData\Local\Temp\dd96e24d-dc3d-4ab7-b68d-8b8847a75c9f.tmp - [WinError 32] The process cannot access the file because it is being used by another process: 'C:\\Users\\rhain\\AppData\\Local\\Temp\\dd96e24d-dc3d-4ab7-b68d-8b8847a75c9f.tmp'
2025-09-09 02:08:27,488 - WARNING - Permission denied: C:\Users\rhain\AppData\Local\Temp\e25ebabb-4cac-4ffb-9d5b-eafa168780c3.tmp - [WinError 32] The process cannot access the file because it is being used by another process: 'C:\\Users\\rhain\\AppData\\Local\\Temp\\e25ebabb-4cac-4ffb-9d5b-eafa168780c3.tmp'
2025-09-09 02:08:27,492 - WARNING - Permission denied: C:\Users\rhain\AppData\Local\Temp\e34bd0a4-3782-4c2b-8e3c-7e78d945edc5.tmp - [WinError 32] The process cannot access the file because it is being used by another process: 'C:\\Users\\rhain\\AppData\\Local\\Temp\\e34bd0a4-3782-4c2b-8e3c-7e78d945edc5.tmp'
2025-09-09 02:08:27,498 - WARNING - Permission denied: C:\Users\rhain\AppData\Local\Temp\e614d767-65ec-4f3e-9da7-db88d7037a24_DBP316D.zip.a24 - [WinError 5] Access is denied: 'C:\\Users\\rhain\\AppData\\Local\\Temp\\e614d767-65ec-4f3e-9da7-db88d7037a24_DBP316D.zip.a24\\DBP316D\\Current Tests\\DBP316D ST2 Test2.pdf'
2025-09-09 02:08:27,500 - WARNING - Permission denied: C:\Users\rhain\AppData\Local\Temp\eda7e8d9-fd3a-49d8-8053-e2e3938e7a75.tmp - [WinError 32] The process cannot access the file because it is being used by another process: 'C:\\Users\\rhain\\AppData\\Local\\Temp\\eda7e8d9-fd3a-49d8-8053-e2e3938e7a75.tmp'
2025-09-09 02:08:27,502 - WARNING - Permission denied: C:\Users\rhain\AppData\Local\Temp\f99cd612-edff-4847-a8a8-1d4047d6a3f7.tmp - [WinError 32] The process cannot access the file because it is being used by another process: 'C:\\Users\\rhain\\AppData\\Local\\Temp\\f99cd612-edff-4847-a8a8-1d4047d6a3f7.tmp'
2025-09-09 02:08:27,509 - WARNING - Permission denied: C:\Users\rhain\AppData\Local\Temp\is-L8U5N.tmp - [WinError 5] Access is denied: 'C:\\Users\\rhain\\AppData\\Local\\Temp\\is-L8U5N.tmp\\CodeSetup-stable-6f17636121051a53c88d3e605c491d22af2ba755.tmp'
2025-09-09 02:08:27,511 - WARNING - Permission denied: C:\Users\rhain\AppData\Local\Temp\Setup Log 2025-09-08 #001.txt - [WinError 32] The process cannot access the file because it is being used by another process: 'C:\\Users\\rhain\\AppData\\Local\\Temp\\Setup Log 2025-09-08 #001.txt'
2025-09-09 02:08:27,517 - WARNING - Permission denied: C:\Users\rhain\AppData\Local\Temp\vscode-stable-user-x64 - [WinError 32] The process cannot access the file because it is being used by another process: 'C:\\Users\\rhain\\AppData\\Local\\Temp\\vscode-stable-user-x64\\CodeSetup-stable-6f17636121051a53c88d3e605c491d22af2ba755.exe'
2025-09-09 02:08:27,582 - INFO - Freed from C:\Users\rhain\AppData\Local\Temp: 0 B
2025-09-09 02:08:27,625 - WARNING - Could not scan directory C:\Users\rhain\AppData\Local\Microsoft\Windows\INetCache\Content.IE5: [WinError 5] Access is denied: 'C:\\Users\\rhain\\AppData\\Local\\Microsoft\\Windows\\INetCache\\Content.IE5'
2025-09-09 02:08:27,664 - WARNING - Could not scan directory C:\Users\rhain\AppData\Local\Microsoft\Windows\INetCache\Low\Content.IE5: [WinError 5] Access is denied: 'C:\\Users\\rhain\\AppData\\Local\\Microsoft\\Windows\\INetCache\\Low\\Content.IE5'
2025-09-09 02:08:27,667 - INFO - Processing: C:\Users\rhain\AppData\Local\Microsoft\Windows\INetCache (Size: 19.65 KB)
2025-09-09 02:08:27,671 - WARNING - Could not scan directory C:\Users\rhain\AppData\Local\Microsoft\Windows\INetCache\Content.IE5: [WinError 5] Access is denied: 'C:\\Users\\rhain\\AppData\\Local\\Microsoft\\Windows\\INetCache\\Content.IE5'
2025-09-09 02:08:27,672 - ERROR - Error processing C:\Users\rhain\AppData\Local\Microsoft\Windows\INetCache\Content.IE5: Cannot call rmtree on a symbolic link
2025-09-09 02:08:27,676 - INFO - Removed directory: C:\Users\rhain\AppData\Local\Microsoft\Windows\INetCache\Content.MSO (0 B)
2025-09-09 02:08:27,689 - INFO - Removed directory: C:\Users\rhain\AppData\Local\Microsoft\Windows\INetCache\Content.Word (0 B)
2025-09-09 02:08:27,708 - INFO - Removed directory: C:\Users\rhain\AppData\Local\Microsoft\Windows\INetCache\IE (19.65 KB)
2025-09-09 02:08:27,711 - WARNING - Could not scan directory C:\Users\rhain\AppData\Local\Microsoft\Windows\INetCache\Low\Content.IE5: [WinError 5] Access is denied: 'C:\\Users\\rhain\\AppData\\Local\\Microsoft\\Windows\\INetCache\\Low\\Content.IE5'
2025-09-09 02:08:27,712 - INFO - Removed directory: C:\Users\rhain\AppData\Local\Microsoft\Windows\INetCache\Low (0 B)
2025-09-09 02:08:27,714 - INFO - Removed directory: C:\Users\rhain\AppData\Local\Microsoft\Windows\INetCache\Virtualized (0 B)
2025-09-09 02:08:27,715 - WARNING - Could not scan directory C:\Users\rhain\AppData\Local\Microsoft\Windows\INetCache\Content.IE5: [WinError 5] Access is denied: 'C:\\Users\\rhain\\AppData\\Local\\Microsoft\\Windows\\INetCache\\Content.IE5'
2025-09-09 02:08:27,715 - INFO - Freed from C:\Users\rhain\AppData\Local\Microsoft\Windows\INetCache: 19.65 KB
2025-09-09 02:08:27,716 - INFO - ============================================================
2025-09-09 02:08:27,717 - INFO - CLEANUP SUMMARY
2025-09-09 02:08:27,717 - INFO - ============================================================
2025-09-09 02:08:27,718 - INFO - Total space freed: 19.77 KB
2025-09-09 02:08:27,718 - INFO - Total files processed: 135
2025-09-09 02:08:27,718 - INFO -   Successfully cleaned: 30
2025-09-09 02:08:27,718 - INFO -   Skipped (protected/errors): 105
2025-09-09 02:08:27,720 - INFO - Dry run mode: No
2025-09-09 02:08:27,720 - INFO - Log file location: C:\Users\rhain\disk_cleanup_logs\disk_cleanup_20250909_020826.log
2025-09-09 02:08:27,721 - INFO - ============================================================
2025-09-09 02:08:27,722 - INFO - DISK CLEANUP COMPLETED SUCCESSFULLY
2025-09-09 02:08:27,722 - INFO - ============================================================
